CRITICAL - 2021-09-23 04:39:06 --> syntax error, unexpected variable "$routes", expecting ")"
#0 C:\xampp\htdocs\cook\vendor\codeigniter4\framework\system\CodeIgniter.php(358): CodeIgniter\CodeIgniter->tryToRouteIt(NULL)
#1 C:\xampp\htdocs\cook\vendor\codeigniter4\framework\system\CodeIgniter.php(317): CodeIgniter\CodeIgniter->handleRequest(NULL, Object(Config\Cache), false)
#2 C:\xampp\htdocs\cook\vendor\codeigniter4\framework\system\CLI\Console.php(48): CodeIgniter\CodeIgniter->run()
#3 C:\xampp\htdocs\cook\spark(63): CodeIgniter\CLI\Console->run()
#4 {main}
CRITICAL - 2021-09-23 04:40:48 --> Invalid file: header.php
#0 C:\xampp\htdocs\cook\vendor\codeigniter4\framework\system\View\View.php(198): CodeIgniter\Exceptions\FrameworkException::forInvalidFile('header.php')
#1 C:\xampp\htdocs\cook\vendor\codeigniter4\framework\system\Common.php(1092): CodeIgniter\View\View->render('header', Array, true)
#2 C:\xampp\htdocs\cook\app\Controllers\Recette.php(16): view('header')
#3 C:\xampp\htdocs\cook\vendor\codeigniter4\framework\system\CodeIgniter.php(802): App\Controllers\Recette->add()
#4 C:\xampp\htdocs\cook\vendor\codeigniter4\framework\system\CodeIgniter.php(399): CodeIgniter\CodeIgniter->runController(Object(App\Controllers\Recette))
#5 C:\xampp\htdocs\cook\vendor\codeigniter4\framework\system\CodeIgniter.php(317): CodeIgniter\CodeIgniter->handleRequest(NULL, Object(Config\Cache), false)
#6 C:\xampp\htdocs\cook\public\index.php(37): CodeIgniter\CodeIgniter->run()
#7 C:\xampp\htdocs\cook\vendor\codeigniter4\framework\system\Commands\Server\rewrite.php(43): require_once('C:\\xampp\\htdocs...')
#8 {main}
CRITICAL - 2021-09-23 04:45:15 --> Invalid file: recette_add.php
#0 C:\xampp\htdocs\cook\vendor\codeigniter4\framework\system\View\View.php(198): CodeIgniter\Exceptions\FrameworkException::forInvalidFile('recette_add.php')
#1 C:\xampp\htdocs\cook\vendor\codeigniter4\framework\system\Common.php(1092): CodeIgniter\View\View->render('recette_add', Array, true)
#2 C:\xampp\htdocs\cook\app\Controllers\Recette.php(14): view('recette_add')
#3 C:\xampp\htdocs\cook\vendor\codeigniter4\framework\system\CodeIgniter.php(802): App\Controllers\Recette->add()
#4 C:\xampp\htdocs\cook\vendor\codeigniter4\framework\system\CodeIgniter.php(399): CodeIgniter\CodeIgniter->runController(Object(App\Controllers\Recette))
#5 C:\xampp\htdocs\cook\vendor\codeigniter4\framework\system\CodeIgniter.php(317): CodeIgniter\CodeIgniter->handleRequest(NULL, Object(Config\Cache), false)
#6 C:\xampp\htdocs\cook\public\index.php(37): CodeIgniter\CodeIgniter->run()
#7 C:\xampp\htdocs\cook\vendor\codeigniter4\framework\system\Commands\Server\rewrite.php(43): require_once('C:\\xampp\\htdocs...')
#8 {main}
CRITICAL - 2021-09-23 04:45:19 --> Invalid file: recette_add.php
#0 C:\xampp\htdocs\cook\vendor\codeigniter4\framework\system\View\View.php(198): CodeIgniter\Exceptions\FrameworkException::forInvalidFile('recette_add.php')
#1 C:\xampp\htdocs\cook\vendor\codeigniter4\framework\system\Common.php(1092): CodeIgniter\View\View->render('recette_add', Array, true)
#2 C:\xampp\htdocs\cook\app\Controllers\Recette.php(9): view('recette_add')
#3 C:\xampp\htdocs\cook\vendor\codeigniter4\framework\system\CodeIgniter.php(802): App\Controllers\Recette->index()
#4 C:\xampp\htdocs\cook\vendor\codeigniter4\framework\system\CodeIgniter.php(399): CodeIgniter\CodeIgniter->runController(Object(App\Controllers\Recette))
#5 C:\xampp\htdocs\cook\vendor\codeigniter4\framework\system\CodeIgniter.php(317): CodeIgniter\CodeIgniter->handleRequest(NULL, Object(Config\Cache), false)
#6 C:\xampp\htdocs\cook\public\index.php(37): CodeIgniter\CodeIgniter->run()
#7 C:\xampp\htdocs\cook\vendor\codeigniter4\framework\system\Commands\Server\rewrite.php(43): require_once('C:\\xampp\\htdocs...')
#8 {main}
CRITICAL - 2021-09-23 04:45:29 --> Invalid file: recette_add.php
#0 C:\xampp\htdocs\cook\vendor\codeigniter4\framework\system\View\View.php(198): CodeIgniter\Exceptions\FrameworkException::forInvalidFile('recette_add.php')
#1 C:\xampp\htdocs\cook\vendor\codeigniter4\framework\system\Common.php(1092): CodeIgniter\View\View->render('recette_add', Array, true)
#2 C:\xampp\htdocs\cook\app\Controllers\Recette.php(9): view('recette_add')
#3 C:\xampp\htdocs\cook\vendor\codeigniter4\framework\system\CodeIgniter.php(802): App\Controllers\Recette->index()
#4 C:\xampp\htdocs\cook\vendor\codeigniter4\framework\system\CodeIgniter.php(399): CodeIgniter\CodeIgniter->runController(Object(App\Controllers\Recette))
#5 C:\xampp\htdocs\cook\vendor\codeigniter4\framework\system\CodeIgniter.php(317): CodeIgniter\CodeIgniter->handleRequest(NULL, Object(Config\Cache), false)
#6 C:\xampp\htdocs\cook\public\index.php(37): CodeIgniter\CodeIgniter->run()
#7 C:\xampp\htdocs\cook\vendor\codeigniter4\framework\system\Commands\Server\rewrite.php(43): require_once('C:\\xampp\\htdocs...')
#8 {main}
CRITICAL - 2021-09-23 04:45:34 --> Invalid file: recette_add.php
#0 C:\xampp\htdocs\cook\vendor\codeigniter4\framework\system\View\View.php(198): CodeIgniter\Exceptions\FrameworkException::forInvalidFile('recette_add.php')
#1 C:\xampp\htdocs\cook\vendor\codeigniter4\framework\system\Common.php(1092): CodeIgniter\View\View->render('recette_add', Array, true)
#2 C:\xampp\htdocs\cook\app\Controllers\Recette.php(14): view('recette_add')
#3 C:\xampp\htdocs\cook\vendor\codeigniter4\framework\system\CodeIgniter.php(802): App\Controllers\Recette->add()
#4 C:\xampp\htdocs\cook\vendor\codeigniter4\framework\system\CodeIgniter.php(399): CodeIgniter\CodeIgniter->runController(Object(App\Controllers\Recette))
#5 C:\xampp\htdocs\cook\vendor\codeigniter4\framework\system\CodeIgniter.php(317): CodeIgniter\CodeIgniter->handleRequest(NULL, Object(Config\Cache), false)
#6 C:\xampp\htdocs\cook\public\index.php(37): CodeIgniter\CodeIgniter->run()
#7 C:\xampp\htdocs\cook\vendor\codeigniter4\framework\system\Commands\Server\rewrite.php(43): require_once('C:\\xampp\\htdocs...')
#8 {main}
CRITICAL - 2021-09-23 05:07:34 --> Invalid file: recette_add.php
#0 C:\xampp\htdocs\cook\vendor\codeigniter4\framework\system\View\View.php(198): CodeIgniter\Exceptions\FrameworkException::forInvalidFile('recette_add.php')
#1 C:\xampp\htdocs\cook\vendor\codeigniter4\framework\system\Common.php(1092): CodeIgniter\View\View->render('recette_add', Array, true)
#2 C:\xampp\htdocs\cook\app\Controllers\Recette.php(14): view('recette_add')
#3 C:\xampp\htdocs\cook\vendor\codeigniter4\framework\system\CodeIgniter.php(802): App\Controllers\Recette->add()
#4 C:\xampp\htdocs\cook\vendor\codeigniter4\framework\system\CodeIgniter.php(399): CodeIgniter\CodeIgniter->runController(Object(App\Controllers\Recette))
#5 C:\xampp\htdocs\cook\vendor\codeigniter4\framework\system\CodeIgniter.php(317): CodeIgniter\CodeIgniter->handleRequest(NULL, Object(Config\Cache), false)
#6 C:\xampp\htdocs\cook\public\index.php(37): CodeIgniter\CodeIgniter->run()
#7 C:\xampp\htdocs\cook\vendor\codeigniter4\framework\system\Commands\Server\rewrite.php(43): require_once('C:\\xampp\\htdocs...')
#8 {main}
CRITICAL - 2021-09-23 05:09:43 --> Invalid file: recette_add.php
#0 C:\xampp\htdocs\cook\vendor\codeigniter4\framework\system\View\View.php(198): CodeIgniter\Exceptions\FrameworkException::forInvalidFile('recette_add.php')
#1 C:\xampp\htdocs\cook\vendor\codeigniter4\framework\system\Common.php(1092): CodeIgniter\View\View->render('recette_add', Array, true)
#2 C:\xampp\htdocs\cook\app\Controllers\Recette.php(9): view('recette_add')
#3 C:\xampp\htdocs\cook\vendor\codeigniter4\framework\system\CodeIgniter.php(802): App\Controllers\Recette->index()
#4 C:\xampp\htdocs\cook\vendor\codeigniter4\framework\system\CodeIgniter.php(399): CodeIgniter\CodeIgniter->runController(Object(App\Controllers\Recette))
#5 C:\xampp\htdocs\cook\vendor\codeigniter4\framework\system\CodeIgniter.php(317): CodeIgniter\CodeIgniter->handleRequest(NULL, Object(Config\Cache), false)
#6 C:\xampp\htdocs\cook\public\index.php(37): CodeIgniter\CodeIgniter->run()
#7 C:\xampp\htdocs\cook\vendor\codeigniter4\framework\system\Commands\Server\rewrite.php(43): require_once('C:\\xampp\\htdocs...')
#8 {main}
CRITICAL - 2021-09-23 05:09:52 --> Invalid file: recette_add.php
#0 C:\xampp\htdocs\cook\vendor\codeigniter4\framework\system\View\View.php(198): CodeIgniter\Exceptions\FrameworkException::forInvalidFile('recette_add.php')
#1 C:\xampp\htdocs\cook\vendor\codeigniter4\framework\system\Common.php(1092): CodeIgniter\View\View->render('recette_add', Array, true)
#2 C:\xampp\htdocs\cook\app\Controllers\Recette.php(14): view('recette_add')
#3 C:\xampp\htdocs\cook\vendor\codeigniter4\framework\system\CodeIgniter.php(802): App\Controllers\Recette->add()
#4 C:\xampp\htdocs\cook\vendor\codeigniter4\framework\system\CodeIgniter.php(399): CodeIgniter\CodeIgniter->runController(Object(App\Controllers\Recette))
#5 C:\xampp\htdocs\cook\vendor\codeigniter4\framework\system\CodeIgniter.php(317): CodeIgniter\CodeIgniter->handleRequest(NULL, Object(Config\Cache), false)
#6 C:\xampp\htdocs\cook\public\index.php(37): CodeIgniter\CodeIgniter->run()
#7 C:\xampp\htdocs\cook\vendor\codeigniter4\framework\system\Commands\Server\rewrite.php(43): require_once('C:\\xampp\\htdocs...')
#8 {main}
CRITICAL - 2021-09-23 05:10:04 --> Invalid file: recette_add.php
#0 C:\xampp\htdocs\cook\vendor\codeigniter4\framework\system\View\View.php(198): CodeIgniter\Exceptions\FrameworkException::forInvalidFile('recette_add.php')
#1 C:\xampp\htdocs\cook\vendor\codeigniter4\framework\system\Common.php(1092): CodeIgniter\View\View->render('recette_add', Array, true)
#2 C:\xampp\htdocs\cook\app\Controllers\Recette.php(9): view('recette_add')
#3 C:\xampp\htdocs\cook\vendor\codeigniter4\framework\system\CodeIgniter.php(802): App\Controllers\Recette->index()
#4 C:\xampp\htdocs\cook\vendor\codeigniter4\framework\system\CodeIgniter.php(399): CodeIgniter\CodeIgniter->runController(Object(App\Controllers\Recette))
#5 C:\xampp\htdocs\cook\vendor\codeigniter4\framework\system\CodeIgniter.php(317): CodeIgniter\CodeIgniter->handleRequest(NULL, Object(Config\Cache), false)
#6 C:\xampp\htdocs\cook\public\index.php(37): CodeIgniter\CodeIgniter->run()
#7 C:\xampp\htdocs\cook\vendor\codeigniter4\framework\system\Commands\Server\rewrite.php(43): require_once('C:\\xampp\\htdocs...')
#8 {main}
CRITICAL - 2021-09-23 05:10:37 --> Invalid file: recette_all.php
#0 C:\xampp\htdocs\cook\vendor\codeigniter4\framework\system\View\View.php(198): CodeIgniter\Exceptions\FrameworkException::forInvalidFile('recette_all.php')
#1 C:\xampp\htdocs\cook\vendor\codeigniter4\framework\system\Common.php(1092): CodeIgniter\View\View->render('recette_all', Array, true)
#2 C:\xampp\htdocs\cook\app\Controllers\Recette.php(19): view('recette_all')
#3 C:\xampp\htdocs\cook\vendor\codeigniter4\framework\system\CodeIgniter.php(802): App\Controllers\Recette->all()
#4 C:\xampp\htdocs\cook\vendor\codeigniter4\framework\system\CodeIgniter.php(399): CodeIgniter\CodeIgniter->runController(Object(App\Controllers\Recette))
#5 C:\xampp\htdocs\cook\vendor\codeigniter4\framework\system\CodeIgniter.php(317): CodeIgniter\CodeIgniter->handleRequest(NULL, Object(Config\Cache), false)
#6 C:\xampp\htdocs\cook\public\index.php(37): CodeIgniter\CodeIgniter->run()
#7 C:\xampp\htdocs\cook\vendor\codeigniter4\framework\system\Commands\Server\rewrite.php(43): require_once('C:\\xampp\\htdocs...')
#8 {main}
CRITICAL - 2021-09-23 05:11:04 --> Invalid file: recette_all.php
#0 C:\xampp\htdocs\cook\vendor\codeigniter4\framework\system\View\View.php(198): CodeIgniter\Exceptions\FrameworkException::forInvalidFile('recette_all.php')
#1 C:\xampp\htdocs\cook\vendor\codeigniter4\framework\system\Common.php(1092): CodeIgniter\View\View->render('recette_all', Array, true)
#2 C:\xampp\htdocs\cook\app\Controllers\Recette.php(19): view('recette_all')
#3 C:\xampp\htdocs\cook\vendor\codeigniter4\framework\system\CodeIgniter.php(802): App\Controllers\Recette->all()
#4 C:\xampp\htdocs\cook\vendor\codeigniter4\framework\system\CodeIgniter.php(399): CodeIgniter\CodeIgniter->runController(Object(App\Controllers\Recette))
#5 C:\xampp\htdocs\cook\vendor\codeigniter4\framework\system\CodeIgniter.php(317): CodeIgniter\CodeIgniter->handleRequest(NULL, Object(Config\Cache), false)
#6 C:\xampp\htdocs\cook\public\index.php(37): CodeIgniter\CodeIgniter->run()
#7 C:\xampp\htdocs\cook\vendor\codeigniter4\framework\system\Commands\Server\rewrite.php(43): require_once('C:\\xampp\\htdocs...')
#8 {main}
CRITICAL - 2021-09-23 05:11:37 --> Invalid file: recette_add.php
#0 C:\xampp\htdocs\cook\vendor\codeigniter4\framework\system\View\View.php(198): CodeIgniter\Exceptions\FrameworkException::forInvalidFile('recette_add.php')
#1 C:\xampp\htdocs\cook\vendor\codeigniter4\framework\system\Common.php(1092): CodeIgniter\View\View->render('recette_add', Array, true)
#2 C:\xampp\htdocs\cook\app\Controllers\Recette.php(9): view('recette_add')
#3 C:\xampp\htdocs\cook\vendor\codeigniter4\framework\system\CodeIgniter.php(802): App\Controllers\Recette->index()
#4 C:\xampp\htdocs\cook\vendor\codeigniter4\framework\system\CodeIgniter.php(399): CodeIgniter\CodeIgniter->runController(Object(App\Controllers\Recette))
#5 C:\xampp\htdocs\cook\vendor\codeigniter4\framework\system\CodeIgniter.php(317): CodeIgniter\CodeIgniter->handleRequest(NULL, Object(Config\Cache), false)
#6 C:\xampp\htdocs\cook\public\index.php(37): CodeIgniter\CodeIgniter->run()
#7 C:\xampp\htdocs\cook\vendor\codeigniter4\framework\system\Commands\Server\rewrite.php(43): require_once('C:\\xampp\\htdocs...')
#8 {main}
CRITICAL - 2021-09-23 05:11:54 --> Invalid file: recette_all.php
#0 C:\xampp\htdocs\cook\vendor\codeigniter4\framework\system\View\View.php(198): CodeIgniter\Exceptions\FrameworkException::forInvalidFile('recette_all.php')
#1 C:\xampp\htdocs\cook\vendor\codeigniter4\framework\system\Common.php(1092): CodeIgniter\View\View->render('recette_all', Array, true)
#2 C:\xampp\htdocs\cook\app\Controllers\Recette.php(19): view('recette_all')
#3 C:\xampp\htdocs\cook\vendor\codeigniter4\framework\system\CodeIgniter.php(802): App\Controllers\Recette->all()
#4 C:\xampp\htdocs\cook\vendor\codeigniter4\framework\system\CodeIgniter.php(399): CodeIgniter\CodeIgniter->runController(Object(App\Controllers\Recette))
#5 C:\xampp\htdocs\cook\vendor\codeigniter4\framework\system\CodeIgniter.php(317): CodeIgniter\CodeIgniter->handleRequest(NULL, Object(Config\Cache), false)
#6 C:\xampp\htdocs\cook\public\index.php(37): CodeIgniter\CodeIgniter->run()
#7 C:\xampp\htdocs\cook\vendor\codeigniter4\framework\system\Commands\Server\rewrite.php(43): require_once('C:\\xampp\\htdocs...')
#8 {main}
CRITICAL - 2021-09-23 05:13:58 --> Invalid file: recette_all.php
#0 C:\xampp\htdocs\cook\vendor\codeigniter4\framework\system\View\View.php(198): CodeIgniter\Exceptions\FrameworkException::forInvalidFile('recette_all.php')
#1 C:\xampp\htdocs\cook\vendor\codeigniter4\framework\system\Common.php(1092): CodeIgniter\View\View->render('recette_all', Array, true)
#2 C:\xampp\htdocs\cook\app\Controllers\Recette.php(19): view('recette_all')
#3 C:\xampp\htdocs\cook\vendor\codeigniter4\framework\system\CodeIgniter.php(802): App\Controllers\Recette->all()
#4 C:\xampp\htdocs\cook\vendor\codeigniter4\framework\system\CodeIgniter.php(399): CodeIgniter\CodeIgniter->runController(Object(App\Controllers\Recette))
#5 C:\xampp\htdocs\cook\vendor\codeigniter4\framework\system\CodeIgniter.php(317): CodeIgniter\CodeIgniter->handleRequest(NULL, Object(Config\Cache), false)
#6 C:\xampp\htdocs\cook\public\index.php(37): CodeIgniter\CodeIgniter->run()
#7 C:\xampp\htdocs\cook\vendor\codeigniter4\framework\system\Commands\Server\rewrite.php(43): require_once('C:\\xampp\\htdocs...')
#8 {main}
CRITICAL - 2021-09-23 05:16:18 --> Invalid file: recette_all.php
#0 C:\xampp\htdocs\cook\vendor\codeigniter4\framework\system\View\View.php(198): CodeIgniter\Exceptions\FrameworkException::forInvalidFile('recette_all.php')
#1 C:\xampp\htdocs\cook\vendor\codeigniter4\framework\system\Common.php(1092): CodeIgniter\View\View->render('recette_all', Array, true)
#2 C:\xampp\htdocs\cook\app\Controllers\Recette.php(19): view('recette_all')
#3 C:\xampp\htdocs\cook\vendor\codeigniter4\framework\system\CodeIgniter.php(802): App\Controllers\Recette->all()
#4 C:\xampp\htdocs\cook\vendor\codeigniter4\framework\system\CodeIgniter.php(399): CodeIgniter\CodeIgniter->runController(Object(App\Controllers\Recette))
#5 C:\xampp\htdocs\cook\vendor\codeigniter4\framework\system\CodeIgniter.php(317): CodeIgniter\CodeIgniter->handleRequest(NULL, Object(Config\Cache), false)
#6 C:\xampp\htdocs\cook\public\index.php(37): CodeIgniter\CodeIgniter->run()
#7 C:\xampp\htdocs\cook\vendor\codeigniter4\framework\system\Commands\Server\rewrite.php(43): require_once('C:\\xampp\\htdocs...')
#8 {main}
CRITICAL - 2021-09-23 05:16:25 --> Invalid file: recette_all.php
#0 C:\xampp\htdocs\cook\vendor\codeigniter4\framework\system\View\View.php(198): CodeIgniter\Exceptions\FrameworkException::forInvalidFile('recette_all.php')
#1 C:\xampp\htdocs\cook\vendor\codeigniter4\framework\system\Common.php(1092): CodeIgniter\View\View->render('recette_all', Array, true)
#2 C:\xampp\htdocs\cook\app\Controllers\Recette.php(19): view('recette_all')
#3 C:\xampp\htdocs\cook\vendor\codeigniter4\framework\system\CodeIgniter.php(802): App\Controllers\Recette->all()
#4 C:\xampp\htdocs\cook\vendor\codeigniter4\framework\system\CodeIgniter.php(399): CodeIgniter\CodeIgniter->runController(Object(App\Controllers\Recette))
#5 C:\xampp\htdocs\cook\vendor\codeigniter4\framework\system\CodeIgniter.php(317): CodeIgniter\CodeIgniter->handleRequest(NULL, Object(Config\Cache), false)
#6 C:\xampp\htdocs\cook\public\index.php(37): CodeIgniter\CodeIgniter->run()
#7 C:\xampp\htdocs\cook\vendor\codeigniter4\framework\system\Commands\Server\rewrite.php(43): require_once('C:\\xampp\\htdocs...')
#8 {main}
CRITICAL - 2021-09-23 05:17:11 --> Invalid file: recette_all.php
#0 C:\xampp\htdocs\cook\vendor\codeigniter4\framework\system\View\View.php(198): CodeIgniter\Exceptions\FrameworkException::forInvalidFile('recette_all.php')
#1 C:\xampp\htdocs\cook\vendor\codeigniter4\framework\system\Common.php(1092): CodeIgniter\View\View->render('recette_all', Array, true)
#2 C:\xampp\htdocs\cook\app\Controllers\Recette.php(19): view('recette_all')
#3 C:\xampp\htdocs\cook\vendor\codeigniter4\framework\system\CodeIgniter.php(802): App\Controllers\Recette->all()
#4 C:\xampp\htdocs\cook\vendor\codeigniter4\framework\system\CodeIgniter.php(399): CodeIgniter\CodeIgniter->runController(Object(App\Controllers\Recette))
#5 C:\xampp\htdocs\cook\vendor\codeigniter4\framework\system\CodeIgniter.php(317): CodeIgniter\CodeIgniter->handleRequest(NULL, Object(Config\Cache), false)
#6 C:\xampp\htdocs\cook\public\index.php(37): CodeIgniter\CodeIgniter->run()
#7 C:\xampp\htdocs\cook\vendor\codeigniter4\framework\system\Commands\Server\rewrite.php(43): require_once('C:\\xampp\\htdocs...')
#8 {main}
CRITICAL - 2021-09-23 05:17:37 --> Invalid file: recette_all.php
#0 C:\xampp\htdocs\cook\vendor\codeigniter4\framework\system\View\View.php(198): CodeIgniter\Exceptions\FrameworkException::forInvalidFile('recette_all.php')
#1 C:\xampp\htdocs\cook\vendor\codeigniter4\framework\system\Common.php(1092): CodeIgniter\View\View->render('recette_all', Array, true)
#2 C:\xampp\htdocs\cook\app\Controllers\Recette.php(19): view('recette_all')
#3 C:\xampp\htdocs\cook\vendor\codeigniter4\framework\system\CodeIgniter.php(802): App\Controllers\Recette->all()
#4 C:\xampp\htdocs\cook\vendor\codeigniter4\framework\system\CodeIgniter.php(399): CodeIgniter\CodeIgniter->runController(Object(App\Controllers\Recette))
#5 C:\xampp\htdocs\cook\vendor\codeigniter4\framework\system\CodeIgniter.php(317): CodeIgniter\CodeIgniter->handleRequest(NULL, Object(Config\Cache), false)
#6 C:\xampp\htdocs\cook\public\index.php(37): CodeIgniter\CodeIgniter->run()
#7 C:\xampp\htdocs\cook\vendor\codeigniter4\framework\system\Commands\Server\rewrite.php(43): require_once('C:\\xampp\\htdocs...')
#8 {main}
CRITICAL - 2021-09-23 05:17:41 --> Invalid file: recette_add.php
#0 C:\xampp\htdocs\cook\vendor\codeigniter4\framework\system\View\View.php(198): CodeIgniter\Exceptions\FrameworkException::forInvalidFile('recette_add.php')
#1 C:\xampp\htdocs\cook\vendor\codeigniter4\framework\system\Common.php(1092): CodeIgniter\View\View->render('recette_add', Array, true)
#2 C:\xampp\htdocs\cook\app\Controllers\Recette.php(9): view('recette_add')
#3 C:\xampp\htdocs\cook\vendor\codeigniter4\framework\system\CodeIgniter.php(802): App\Controllers\Recette->index()
#4 C:\xampp\htdocs\cook\vendor\codeigniter4\framework\system\CodeIgniter.php(399): CodeIgniter\CodeIgniter->runController(Object(App\Controllers\Recette))
#5 C:\xampp\htdocs\cook\vendor\codeigniter4\framework\system\CodeIgniter.php(317): CodeIgniter\CodeIgniter->handleRequest(NULL, Object(Config\Cache), false)
#6 C:\xampp\htdocs\cook\public\index.php(37): CodeIgniter\CodeIgniter->run()
#7 C:\xampp\htdocs\cook\vendor\codeigniter4\framework\system\Commands\Server\rewrite.php(43): require_once('C:\\xampp\\htdocs...')
#8 {main}
CRITICAL - 2021-09-23 07:35:25 --> Undefined variable $h
#0 C:\xampp\htdocs\TEST-AGAIN\cook\app\Views\ingredient\ingredient_all.php(29): CodeIgniter\Debug\Exceptions->errorHandler(2, 'Undefined varia...', 'C:\\xampp\\htdocs...', 29)
#1 C:\xampp\htdocs\TEST-AGAIN\cook\vendor\codeigniter4\framework\system\View\View.php(214): include('C:\\xampp\\htdocs...')
#2 C:\xampp\htdocs\TEST-AGAIN\cook\vendor\codeigniter4\framework\system\View\View.php(217): CodeIgniter\View\View->CodeIgniter\View\{closure}()
#3 C:\xampp\htdocs\TEST-AGAIN\cook\vendor\codeigniter4\framework\system\Common.php(1092): CodeIgniter\View\View->render('ingredient/ingr...', Array, true)
#4 C:\xampp\htdocs\TEST-AGAIN\cook\app\Controllers\Ingredient.php(19): view('ingredient/ingr...')
#5 C:\xampp\htdocs\TEST-AGAIN\cook\vendor\codeigniter4\framework\system\CodeIgniter.php(802): App\Controllers\Ingredient->all()
#6 C:\xampp\htdocs\TEST-AGAIN\cook\vendor\codeigniter4\framework\system\CodeIgniter.php(399): CodeIgniter\CodeIgniter->runController(Object(App\Controllers\Ingredient))
#7 C:\xampp\htdocs\TEST-AGAIN\cook\vendor\codeigniter4\framework\system\CodeIgniter.php(317): CodeIgniter\CodeIgniter->handleRequest(NULL, Object(Config\Cache), false)
#8 C:\xampp\htdocs\TEST-AGAIN\cook\public\index.php(37): CodeIgniter\CodeIgniter->run()
#9 C:\xampp\htdocs\TEST-AGAIN\cook\vendor\codeigniter4\framework\system\Commands\Server\rewrite.php(43): require_once('C:\\xampp\\htdocs...')
#10 {main}
CRITICAL - 2021-09-23 07:39:45 --> Undefined variable $h
#0 C:\xampp\htdocs\TEST-AGAIN\cook\app\Views\ingredient\ingredient_all.php(29): CodeIgniter\Debug\Exceptions->errorHandler(2, 'Undefined varia...', 'C:\\xampp\\htdocs...', 29)
#1 C:\xampp\htdocs\TEST-AGAIN\cook\vendor\codeigniter4\framework\system\View\View.php(214): include('C:\\xampp\\htdocs...')
#2 C:\xampp\htdocs\TEST-AGAIN\cook\vendor\codeigniter4\framework\system\View\View.php(217): CodeIgniter\View\View->CodeIgniter\View\{closure}()
#3 C:\xampp\htdocs\TEST-AGAIN\cook\vendor\codeigniter4\framework\system\Common.php(1092): CodeIgniter\View\View->render('ingredient/ingr...', Array, true)
#4 C:\xampp\htdocs\TEST-AGAIN\cook\app\Controllers\Ingredient.php(19): view('ingredient/ingr...')
#5 C:\xampp\htdocs\TEST-AGAIN\cook\vendor\codeigniter4\framework\system\CodeIgniter.php(802): App\Controllers\Ingredient->all()
#6 C:\xampp\htdocs\TEST-AGAIN\cook\vendor\codeigniter4\framework\system\CodeIgniter.php(399): CodeIgniter\CodeIgniter->runController(Object(App\Controllers\Ingredient))
#7 C:\xampp\htdocs\TEST-AGAIN\cook\vendor\codeigniter4\framework\system\CodeIgniter.php(317): CodeIgniter\CodeIgniter->handleRequest(NULL, Object(Config\Cache), false)
#8 C:\xampp\htdocs\TEST-AGAIN\cook\public\index.php(37): CodeIgniter\CodeIgniter->run()
#9 C:\xampp\htdocs\TEST-AGAIN\cook\vendor\codeigniter4\framework\system\Commands\Server\rewrite.php(43): require_once('C:\\xampp\\htdocs...')
#10 {main}
CRITICAL - 2021-09-23 07:39:46 --> Undefined variable $h
#0 C:\xampp\htdocs\TEST-AGAIN\cook\app\Views\ingredient\ingredient_all.php(29): CodeIgniter\Debug\Exceptions->errorHandler(2, 'Undefined varia...', 'C:\\xampp\\htdocs...', 29)
#1 C:\xampp\htdocs\TEST-AGAIN\cook\vendor\codeigniter4\framework\system\View\View.php(214): include('C:\\xampp\\htdocs...')
#2 C:\xampp\htdocs\TEST-AGAIN\cook\vendor\codeigniter4\framework\system\View\View.php(217): CodeIgniter\View\View->CodeIgniter\View\{closure}()
#3 C:\xampp\htdocs\TEST-AGAIN\cook\vendor\codeigniter4\framework\system\Common.php(1092): CodeIgniter\View\View->render('ingredient/ingr...', Array, true)
#4 C:\xampp\htdocs\TEST-AGAIN\cook\app\Controllers\Ingredient.php(19): view('ingredient/ingr...')
#5 C:\xampp\htdocs\TEST-AGAIN\cook\vendor\codeigniter4\framework\system\CodeIgniter.php(802): App\Controllers\Ingredient->all()
#6 C:\xampp\htdocs\TEST-AGAIN\cook\vendor\codeigniter4\framework\system\CodeIgniter.php(399): CodeIgniter\CodeIgniter->runController(Object(App\Controllers\Ingredient))
#7 C:\xampp\htdocs\TEST-AGAIN\cook\vendor\codeigniter4\framework\system\CodeIgniter.php(317): CodeIgniter\CodeIgniter->handleRequest(NULL, Object(Config\Cache), false)
#8 C:\xampp\htdocs\TEST-AGAIN\cook\public\index.php(37): CodeIgniter\CodeIgniter->run()
#9 C:\xampp\htdocs\TEST-AGAIN\cook\vendor\codeigniter4\framework\system\Commands\Server\rewrite.php(43): require_once('C:\\xampp\\htdocs...')
#10 {main}
CRITICAL - 2021-09-23 08:41:20 --> syntax error, unexpected variable "$resultat", expecting "," or ";"
#0 C:\xampp\htdocs\cook\vendor\codeigniter4\framework\system\Autoloader\Autoloader.php(241): CodeIgniter\Autoloader\Autoloader->includeFile('C:\\xampp\\htdocs...')
#1 C:\xampp\htdocs\cook\vendor\codeigniter4\framework\system\Autoloader\Autoloader.php(219): CodeIgniter\Autoloader\Autoloader->loadInNamespace('App\\Controllers...')
#2 [internal function]: CodeIgniter\Autoloader\Autoloader->loadClass('App\\Controllers...')
#3 C:\xampp\htdocs\cook\vendor\codeigniter4\framework\system\CodeIgniter.php(767): class_exists('\\App\\Controller...', true)
#4 C:\xampp\htdocs\cook\vendor\codeigniter4\framework\system\CodeIgniter.php(386): CodeIgniter\CodeIgniter->startController()
#5 C:\xampp\htdocs\cook\vendor\codeigniter4\framework\system\CodeIgniter.php(317): CodeIgniter\CodeIgniter->handleRequest(NULL, Object(Config\Cache), false)
#6 C:\xampp\htdocs\cook\public\index.php(37): CodeIgniter\CodeIgniter->run()
#7 C:\xampp\htdocs\cook\vendor\codeigniter4\framework\system\Commands\Server\rewrite.php(43): require_once('C:\\xampp\\htdocs...')
#8 {main}
CRITICAL - 2021-09-23 08:47:55 --> syntax error, unexpected variable "$resultat", expecting "," or ";"
#0 C:\xampp\htdocs\cook\vendor\codeigniter4\framework\system\Autoloader\Autoloader.php(241): CodeIgniter\Autoloader\Autoloader->includeFile('C:\\xampp\\htdocs...')
#1 C:\xampp\htdocs\cook\vendor\codeigniter4\framework\system\Autoloader\Autoloader.php(219): CodeIgniter\Autoloader\Autoloader->loadInNamespace('App\\Controllers...')
#2 [internal function]: CodeIgniter\Autoloader\Autoloader->loadClass('App\\Controllers...')
#3 C:\xampp\htdocs\cook\vendor\codeigniter4\framework\system\CodeIgniter.php(767): class_exists('\\App\\Controller...', true)
#4 C:\xampp\htdocs\cook\vendor\codeigniter4\framework\system\CodeIgniter.php(386): CodeIgniter\CodeIgniter->startController()
#5 C:\xampp\htdocs\cook\vendor\codeigniter4\framework\system\CodeIgniter.php(317): CodeIgniter\CodeIgniter->handleRequest(NULL, Object(Config\Cache), false)
#6 C:\xampp\htdocs\cook\public\index.php(37): CodeIgniter\CodeIgniter->run()
#7 C:\xampp\htdocs\cook\vendor\codeigniter4\framework\system\Commands\Server\rewrite.php(43): require_once('C:\\xampp\\htdocs...')
#8 {main}
CRITICAL - 2021-09-23 08:48:29 --> Undefined property: App\Controllers\Recette::$db
#0 C:\xampp\htdocs\cook\app\Controllers\Recette.php(24): CodeIgniter\Debug\Exceptions->errorHandler(2, 'Undefined prope...', 'C:\\xampp\\htdocs...', 24)
#1 C:\xampp\htdocs\cook\vendor\codeigniter4\framework\system\CodeIgniter.php(802): App\Controllers\Recette->mk()
#2 C:\xampp\htdocs\cook\vendor\codeigniter4\framework\system\CodeIgniter.php(399): CodeIgniter\CodeIgniter->runController(Object(App\Controllers\Recette))
#3 C:\xampp\htdocs\cook\vendor\codeigniter4\framework\system\CodeIgniter.php(317): CodeIgniter\CodeIgniter->handleRequest(NULL, Object(Config\Cache), false)
#4 C:\xampp\htdocs\cook\public\index.php(37): CodeIgniter\CodeIgniter->run()
#5 C:\xampp\htdocs\cook\vendor\codeigniter4\framework\system\Commands\Server\rewrite.php(43): require_once('C:\\xampp\\htdocs...')
#6 {main}
CRITICAL - 2021-09-23 08:48:56 --> Undefined property: App\Controllers\Recette::$db
#0 C:\xampp\htdocs\cook\app\Controllers\Recette.php(24): CodeIgniter\Debug\Exceptions->errorHandler(2, 'Undefined prope...', 'C:\\xampp\\htdocs...', 24)
#1 C:\xampp\htdocs\cook\vendor\codeigniter4\framework\system\CodeIgniter.php(802): App\Controllers\Recette->mk()
#2 C:\xampp\htdocs\cook\vendor\codeigniter4\framework\system\CodeIgniter.php(399): CodeIgniter\CodeIgniter->runController(Object(App\Controllers\Recette))
#3 C:\xampp\htdocs\cook\vendor\codeigniter4\framework\system\CodeIgniter.php(317): CodeIgniter\CodeIgniter->handleRequest(NULL, Object(Config\Cache), false)
#4 C:\xampp\htdocs\cook\public\index.php(37): CodeIgniter\CodeIgniter->run()
#5 C:\xampp\htdocs\cook\vendor\codeigniter4\framework\system\Commands\Server\rewrite.php(43): require_once('C:\\xampp\\htdocs...')
#6 {main}
CRITICAL - 2021-09-23 08:49:10 --> Undefined property: App\Controllers\Recette::$db
#0 C:\xampp\htdocs\cook\app\Controllers\Recette.php(24): CodeIgniter\Debug\Exceptions->errorHandler(2, 'Undefined prope...', 'C:\\xampp\\htdocs...', 24)
#1 C:\xampp\htdocs\cook\vendor\codeigniter4\framework\system\CodeIgniter.php(802): App\Controllers\Recette->mk()
#2 C:\xampp\htdocs\cook\vendor\codeigniter4\framework\system\CodeIgniter.php(399): CodeIgniter\CodeIgniter->runController(Object(App\Controllers\Recette))
#3 C:\xampp\htdocs\cook\vendor\codeigniter4\framework\system\CodeIgniter.php(317): CodeIgniter\CodeIgniter->handleRequest(NULL, Object(Config\Cache), false)
#4 C:\xampp\htdocs\cook\public\index.php(37): CodeIgniter\CodeIgniter->run()
#5 C:\xampp\htdocs\cook\vendor\codeigniter4\framework\system\Commands\Server\rewrite.php(43): require_once('C:\\xampp\\htdocs...')
#6 {main}
CRITICAL - 2021-09-23 08:49:41 --> Undefined property: App\Controllers\Recette::$db
#0 C:\xampp\htdocs\cook\app\Controllers\Recette.php(24): CodeIgniter\Debug\Exceptions->errorHandler(2, 'Undefined prope...', 'C:\\xampp\\htdocs...', 24)
#1 C:\xampp\htdocs\cook\vendor\codeigniter4\framework\system\CodeIgniter.php(802): App\Controllers\Recette->mk()
#2 C:\xampp\htdocs\cook\vendor\codeigniter4\framework\system\CodeIgniter.php(399): CodeIgniter\CodeIgniter->runController(Object(App\Controllers\Recette))
#3 C:\xampp\htdocs\cook\vendor\codeigniter4\framework\system\CodeIgniter.php(317): CodeIgniter\CodeIgniter->handleRequest(NULL, Object(Config\Cache), false)
#4 C:\xampp\htdocs\cook\public\index.php(37): CodeIgniter\CodeIgniter->run()
#5 C:\xampp\htdocs\cook\vendor\codeigniter4\framework\system\Commands\Server\rewrite.php(43): require_once('C:\\xampp\\htdocs...')
#6 {main}
CRITICAL - 2021-09-23 08:50:02 --> Undefined property: App\Controllers\Recette::$db
#0 C:\xampp\htdocs\cook\app\Controllers\Recette.php(24): CodeIgniter\Debug\Exceptions->errorHandler(2, 'Undefined prope...', 'C:\\xampp\\htdocs...', 24)
#1 C:\xampp\htdocs\cook\vendor\codeigniter4\framework\system\CodeIgniter.php(802): App\Controllers\Recette->mk()
#2 C:\xampp\htdocs\cook\vendor\codeigniter4\framework\system\CodeIgniter.php(399): CodeIgniter\CodeIgniter->runController(Object(App\Controllers\Recette))
#3 C:\xampp\htdocs\cook\vendor\codeigniter4\framework\system\CodeIgniter.php(317): CodeIgniter\CodeIgniter->handleRequest(NULL, Object(Config\Cache), false)
#4 C:\xampp\htdocs\cook\public\index.php(37): CodeIgniter\CodeIgniter->run()
#5 C:\xampp\htdocs\cook\vendor\codeigniter4\framework\system\Commands\Server\rewrite.php(43): require_once('C:\\xampp\\htdocs...')
#6 {main}
CRITICAL - 2021-09-23 08:53:09 --> Undefined property: App\Controllers\Recette::$db
#0 C:\xampp\htdocs\cook\app\Controllers\Recette.php(24): CodeIgniter\Debug\Exceptions->errorHandler(2, 'Undefined prope...', 'C:\\xampp\\htdocs...', 24)
#1 C:\xampp\htdocs\cook\vendor\codeigniter4\framework\system\CodeIgniter.php(802): App\Controllers\Recette->mk()
#2 C:\xampp\htdocs\cook\vendor\codeigniter4\framework\system\CodeIgniter.php(399): CodeIgniter\CodeIgniter->runController(Object(App\Controllers\Recette))
#3 C:\xampp\htdocs\cook\vendor\codeigniter4\framework\system\CodeIgniter.php(317): CodeIgniter\CodeIgniter->handleRequest(NULL, Object(Config\Cache), false)
#4 C:\xampp\htdocs\cook\public\index.php(37): CodeIgniter\CodeIgniter->run()
#5 C:\xampp\htdocs\cook\vendor\codeigniter4\framework\system\Commands\Server\rewrite.php(43): require_once('C:\\xampp\\htdocs...')
#6 {main}
CRITICAL - 2021-09-23 09:31:37 --> Undefined variable $query
#0 C:\xampp\htdocs\cook\app\Controllers\Recette.php(28): CodeIgniter\Debug\Exceptions->errorHandler(2, 'Undefined varia...', 'C:\\xampp\\htdocs...', 28)
#1 C:\xampp\htdocs\cook\vendor\codeigniter4\framework\system\CodeIgniter.php(802): App\Controllers\Recette->mk()
#2 C:\xampp\htdocs\cook\vendor\codeigniter4\framework\system\CodeIgniter.php(399): CodeIgniter\CodeIgniter->runController(Object(App\Controllers\Recette))
#3 C:\xampp\htdocs\cook\vendor\codeigniter4\framework\system\CodeIgniter.php(317): CodeIgniter\CodeIgniter->handleRequest(NULL, Object(Config\Cache), false)
#4 C:\xampp\htdocs\cook\public\index.php(37): CodeIgniter\CodeIgniter->run()
#5 C:\xampp\htdocs\cook\vendor\codeigniter4\framework\system\Commands\Server\rewrite.php(43): require_once('C:\\xampp\\htdocs...')
#6 {main}
CRITICAL - 2021-09-23 09:32:03 --> Call to undefined method CodeIgniter\Database\MySQLi\Result::result()
#0 C:\xampp\htdocs\cook\vendor\codeigniter4\framework\system\CodeIgniter.php(802): App\Controllers\Recette->mk()
#1 C:\xampp\htdocs\cook\vendor\codeigniter4\framework\system\CodeIgniter.php(399): CodeIgniter\CodeIgniter->runController(Object(App\Controllers\Recette))
#2 C:\xampp\htdocs\cook\vendor\codeigniter4\framework\system\CodeIgniter.php(317): CodeIgniter\CodeIgniter->handleRequest(NULL, Object(Config\Cache), false)
#3 C:\xampp\htdocs\cook\public\index.php(37): CodeIgniter\CodeIgniter->run()
#4 C:\xampp\htdocs\cook\vendor\codeigniter4\framework\system\Commands\Server\rewrite.php(43): require_once('C:\\xampp\\htdocs...')
#5 {main}
CRITICAL - 2021-09-23 10:03:20 --> syntax error, unexpected token "echo"
#0 C:\xampp\htdocs\cook\vendor\codeigniter4\framework\system\Autoloader\Autoloader.php(241): CodeIgniter\Autoloader\Autoloader->includeFile('C:\\xampp\\htdocs...')
#1 C:\xampp\htdocs\cook\vendor\codeigniter4\framework\system\Autoloader\Autoloader.php(219): CodeIgniter\Autoloader\Autoloader->loadInNamespace('App\\Controllers...')
#2 [internal function]: CodeIgniter\Autoloader\Autoloader->loadClass('App\\Controllers...')
#3 C:\xampp\htdocs\cook\vendor\codeigniter4\framework\system\CodeIgniter.php(767): class_exists('\\App\\Controller...', true)
#4 C:\xampp\htdocs\cook\vendor\codeigniter4\framework\system\CodeIgniter.php(386): CodeIgniter\CodeIgniter->startController()
#5 C:\xampp\htdocs\cook\vendor\codeigniter4\framework\system\CodeIgniter.php(317): CodeIgniter\CodeIgniter->handleRequest(NULL, Object(Config\Cache), false)
#6 C:\xampp\htdocs\cook\public\index.php(37): CodeIgniter\CodeIgniter->run()
#7 C:\xampp\htdocs\cook\vendor\codeigniter4\framework\system\Commands\Server\rewrite.php(43): require_once('C:\\xampp\\htdocs...')
#8 {main}
CRITICAL - 2021-09-23 10:06:08 --> syntax error, unexpected token "echo"
#0 C:\xampp\htdocs\cook\vendor\codeigniter4\framework\system\Autoloader\Autoloader.php(241): CodeIgniter\Autoloader\Autoloader->includeFile('C:\\xampp\\htdocs...')
#1 C:\xampp\htdocs\cook\vendor\codeigniter4\framework\system\Autoloader\Autoloader.php(219): CodeIgniter\Autoloader\Autoloader->loadInNamespace('App\\Controllers...')
#2 [internal function]: CodeIgniter\Autoloader\Autoloader->loadClass('App\\Controllers...')
#3 C:\xampp\htdocs\cook\vendor\codeigniter4\framework\system\CodeIgniter.php(767): class_exists('\\App\\Controller...', true)
#4 C:\xampp\htdocs\cook\vendor\codeigniter4\framework\system\CodeIgniter.php(386): CodeIgniter\CodeIgniter->startController()
#5 C:\xampp\htdocs\cook\vendor\codeigniter4\framework\system\CodeIgniter.php(317): CodeIgniter\CodeIgniter->handleRequest(NULL, Object(Config\Cache), false)
#6 C:\xampp\htdocs\cook\public\index.php(37): CodeIgniter\CodeIgniter->run()
#7 C:\xampp\htdocs\cook\vendor\codeigniter4\framework\system\Commands\Server\rewrite.php(43): require_once('C:\\xampp\\htdocs...')
#8 {main}
ERROR - 2021-09-23 10:07:40 --> Table 'cook.user' doesn't exist
CRITICAL - 2021-09-23 10:07:40 --> Table 'cook.user' doesn't exist
#0 C:\xampp\htdocs\cook\vendor\codeigniter4\framework\system\Database\MySQLi\Connection.php(280): mysqli->query('SELECT *\nFROM `...')
#1 C:\xampp\htdocs\cook\vendor\codeigniter4\framework\system\Database\BaseConnection.php(663): CodeIgniter\Database\MySQLi\Connection->execute('SELECT *\nFROM `...')
#2 C:\xampp\htdocs\cook\vendor\codeigniter4\framework\system\Database\BaseConnection.php(591): CodeIgniter\Database\BaseConnection->simpleQuery('SELECT *\nFROM `...')
#3 C:\xampp\htdocs\cook\vendor\codeigniter4\framework\system\Database\BaseBuilder.php(1428): CodeIgniter\Database\BaseConnection->query('SELECT *\nFROM `...', Array, false)
#4 C:\xampp\htdocs\cook\vendor\codeigniter4\framework\system\Model.php(183): CodeIgniter\Database\BaseBuilder->get()
#5 C:\xampp\htdocs\cook\vendor\codeigniter4\framework\system\BaseModel.php(584): CodeIgniter\Model->doFindAll(0, 0)
#6 C:\xampp\htdocs\cook\app\Controllers\Recette.php(41): CodeIgniter\BaseModel->findAll()
#7 C:\xampp\htdocs\cook\vendor\codeigniter4\framework\system\CodeIgniter.php(802): App\Controllers\Recette->bmk()
#8 C:\xampp\htdocs\cook\vendor\codeigniter4\framework\system\CodeIgniter.php(399): CodeIgniter\CodeIgniter->runController(Object(App\Controllers\Recette))
#9 C:\xampp\htdocs\cook\vendor\codeigniter4\framework\system\CodeIgniter.php(317): CodeIgniter\CodeIgniter->handleRequest(NULL, Object(Config\Cache), false)
#10 C:\xampp\htdocs\cook\public\index.php(37): CodeIgniter\CodeIgniter->run()
#11 C:\xampp\htdocs\cook\vendor\codeigniter4\framework\system\Commands\Server\rewrite.php(43): require_once('C:\\xampp\\htdocs...')
#12 {main}
